2023-01-20 04:34:08 warning: DebugKit not enabled. You need to either install pdo_sqlite, or define the "debug_kit" connection name.
2023-01-20 04:34:08 error: [Cake\Database\Exception\MissingConnectionException] Connection to Mysql could not be established: SQLSTATE[HY000] [1045] Access denied for user 'my_app'@'localhost' (using password: YES) in /var/www/html/assesment-5/vendor/cakephp/cakephp/src/Database/Driver.php on line 133
Exception Attributes: array (
  'driver' => 'Mysql',
  'reason' => 'SQLSTATE[HY000] [1045] Access denied for user \'my_app\'@\'localhost\' (using password: YES)',
)
Stack Trace:
- /var/www/html/assesment-5/vendor/cakephp/cakephp/src/Database/Driver/Mysql.php:164
- /var/www/html/assesment-5/vendor/cakephp/cakephp/src/Database/Schema/SchemaDialect.php:51
- /var/www/html/assesment-5/vendor/cakephp/cakephp/src/Database/Driver/Mysql.php:216
- /var/www/html/assesment-5/vendor/cakephp/cakephp/src/Database/Schema/Collection.php:53
- /var/www/html/assesment-5/vendor/cakephp/cakephp/src/Database/Connection.php:418
- /var/www/html/assesment-5/vendor/cakephp/bake/src/Utility/TableScanner.php:65
- /var/www/html/assesment-5/vendor/cakephp/bake/src/Utility/TableScanner.php:82
- /var/www/html/assesment-5/vendor/cakephp/bake/src/Command/AllCommand.php:88
- /var/www/html/assesment-5/vendor/cakephp/cakephp/src/Console/BaseCommand.php:189
- /var/www/html/assesment-5/vendor/cakephp/cakephp/src/Console/CommandRunner.php:334
- /var/www/html/assesment-5/vendor/cakephp/cakephp/src/Console/CommandRunner.php:172
- /var/www/html/assesment-5/bin/cake.php:12

Caused by: [PDOException] SQLSTATE[HY000] [1045] Access denied for user 'my_app'@'localhost' (using password: YES) in /var/www/html/assesment-5/vendor/cakephp/cakephp/src/Database/Driver.php on line 125
Stack Trace:
- /var/www/html/assesment-5/vendor/cakephp/cakephp/src/Database/Driver.php:125
- /var/www/html/assesment-5/vendor/cakephp/cakephp/src/Core/Retry/CommandRetry.php:70
- /var/www/html/assesment-5/vendor/cakephp/cakephp/src/Database/Driver.php:131
- /var/www/html/assesment-5/vendor/cakephp/cakephp/src/Database/Driver/Mysql.php:164
- /var/www/html/assesment-5/vendor/cakephp/cakephp/src/Database/Schema/SchemaDialect.php:51
- /var/www/html/assesment-5/vendor/cakephp/cakephp/src/Database/Driver/Mysql.php:216
- /var/www/html/assesment-5/vendor/cakephp/cakephp/src/Database/Schema/Collection.php:53
- /var/www/html/assesment-5/vendor/cakephp/cakephp/src/Database/Connection.php:418
- /var/www/html/assesment-5/vendor/cakephp/bake/src/Utility/TableScanner.php:65
- /var/www/html/assesment-5/vendor/cakephp/bake/src/Utility/TableScanner.php:82
- /var/www/html/assesment-5/vendor/cakephp/bake/src/Command/AllCommand.php:88
- /var/www/html/assesment-5/vendor/cakephp/cakephp/src/Console/BaseCommand.php:189
- /var/www/html/assesment-5/vendor/cakephp/cakephp/src/Console/CommandRunner.php:334
- /var/www/html/assesment-5/vendor/cakephp/cakephp/src/Console/CommandRunner.php:172
- /var/www/html/assesment-5/bin/cake.php:12

2023-01-20 04:36:20 warning: DebugKit not enabled. You need to either install pdo_sqlite, or define the "debug_kit" connection name.
2023-01-20 04:50:24 warning: DebugKit not enabled. You need to either install pdo_sqlite, or define the "debug_kit" connection name.
